0 info it worked if it ends with ok
1 verbose cli [ '/usr/bin/node', '/usr/bin/npm', 'i', 'express' ]
2 info using npm@3.5.2
3 info using node@v8.10.0
4 silly loadCurrentTree Starting
5 silly install loadCurrentTree
6 silly install readLocalPackageData
7 silly fetchPackageMetaData express
8 silly fetchNamedPackageData express
9 silly mapToRegistry name express
10 silly mapToRegistry using default registry
11 silly mapToRegistry registry https://registry.npmjs.org/
12 silly mapToRegistry uri https://registry.npmjs.org/express
13 verbose request uri https://registry.npmjs.org/express
14 verbose request no auth needed
15 info attempt registry request try #1 at 7:12:34 PM
16 verbose request id 9c14319824469ace
17 verbose etag W/"0bda0f9825b48e938415a813c60df8a0"
18 verbose lastModified Sun, 09 Feb 2020 14:34:00 GMT
19 http request GET https://registry.npmjs.org/express
20 http 304 https://registry.npmjs.org/express
21 verbose headers { date: 'Mon, 24 Feb 2020 01:12:34 GMT',
21 verbose headers   connection: 'keep-alive',
21 verbose headers   'set-cookie':
21 verbose headers    [ '__cfduid=dddc97156196e9e66e7531d350ccb0a471582506754; expires=Wed, 25-Mar-20 01:12:34 GMT; path=/; domain=.npmjs.org; HttpOnly; SameSite=Lax' ],
21 verbose headers   'cf-ray': '569d926e09bb588f-DFW',
21 verbose headers   age: '2736',
21 verbose headers   'cache-control': 'public, max-age=300',
21 verbose headers   etag: '"0bda0f9825b48e938415a813c60df8a0"',
21 verbose headers   'last-modified': 'Sun, 09 Feb 2020 14:34:00 GMT',
21 verbose headers   vary: 'Accept-Encoding',
21 verbose headers   'cf-cache-status': 'HIT',
21 verbose headers   'expect-ct': 'max-age=604800, report-uri="https://report-uri.cloudflare.com/cdn-cgi/beacon/expect-ct"',
21 verbose headers   server: 'cloudflare' }
22 silly get cb [ 304,
22 silly get   { date: 'Mon, 24 Feb 2020 01:12:34 GMT',
22 silly get     connection: 'keep-alive',
22 silly get     'set-cookie':
22 silly get      [ '__cfduid=dddc97156196e9e66e7531d350ccb0a471582506754; expires=Wed, 25-Mar-20 01:12:34 GMT; path=/; domain=.npmjs.org; HttpOnly; SameSite=Lax' ],
22 silly get     'cf-ray': '569d926e09bb588f-DFW',
22 silly get     age: '2736',
22 silly get     'cache-control': 'public, max-age=300',
22 silly get     etag: '"0bda0f9825b48e938415a813c60df8a0"',
22 silly get     'last-modified': 'Sun, 09 Feb 2020 14:34:00 GMT',
22 silly get     vary: 'Accept-Encoding',
22 silly get     'cf-cache-status': 'HIT',
22 silly get     'expect-ct': 'max-age=604800, report-uri="https://report-uri.cloudflare.com/cdn-cgi/beacon/expect-ct"',
22 silly get     server: 'cloudflare' } ]
23 verbose etag https://registry.npmjs.org/express from cache
24 verbose get saving express to /home/st/.npm/registry.npmjs.org/express/.cache.json
25 silly install normalizeTree
26 silly loadCurrentTree Finishing
27 silly loadIdealTree Starting
28 silly install loadIdealTree
29 silly cloneCurrentTree Starting
30 silly install cloneCurrentTreeToIdealTree
31 silly cloneCurrentTree Finishing
32 silly loadShrinkwrap Starting
33 silly install loadShrinkwrap
34 silly loadShrinkwrap Finishing
35 silly loadAllDepsIntoIdealTree Starting
36 silly install loadAllDepsIntoIdealTree
37 silly resolveWithNewModule express@4.17.1 checking installable status
38 silly cache add args [ 'express', null ]
39 verbose cache add spec express
40 silly cache add parsed spec Result {
40 silly cache add   raw: 'express',
40 silly cache add   scope: null,
40 silly cache add   name: 'express',
40 silly cache add   rawSpec: '',
40 silly cache add   spec: 'latest',
40 silly cache add   type: 'tag' }
41 silly addNamed express@latest
42 verbose addNamed "latest" is being treated as a dist-tag for express
43 info addNameTag [ 'express', 'latest' ]
44 silly mapToRegistry name express
45 silly mapToRegistry using default registry
46 silly mapToRegistry registry https://registry.npmjs.org/
47 silly mapToRegistry uri https://registry.npmjs.org/express
48 verbose addNameTag registry:https://registry.npmjs.org/express not in flight; fetching
49 verbose get https://registry.npmjs.org/express not expired, no request
50 silly addNameTag next cb for express with tag latest
51 silly addNamed express@4.17.1
52 verbose addNamed "4.17.1" is a plain semver version for express
53 silly cache afterAdd express@4.17.1
54 verbose afterAdd /home/st/.npm/express/4.17.1/package/package.json not in flight; writing
55 verbose afterAdd /home/st/.npm/express/4.17.1/package/package.json written
56 silly fetchNamedPackageData qs
57 silly mapToRegistry name qs
58 silly mapToRegistry using default registry
59 silly mapToRegistry registry https://registry.npmjs.org/
60 silly mapToRegistry uri https://registry.npmjs.org/qs
61 verbose request uri https://registry.npmjs.org/qs
62 verbose request no auth needed
63 info attempt registry request try #1 at 7:12:34 PM
64 verbose etag W/"ccaef4541845c31c4cc05bcf8dd00ce6"
65 verbose lastModified Fri, 08 Nov 2019 06:46:39 GMT
66 http request GET https://registry.npmjs.org/qs
67 http 304 https://registry.npmjs.org/qs
68 verbose headers { date: 'Mon, 24 Feb 2020 01:12:34 GMT',
68 verbose headers   connection: 'keep-alive',
68 verbose headers   'set-cookie':
68 verbose headers    [ '__cfduid=dddc97156196e9e66e7531d350ccb0a471582506754; expires=Wed, 25-Mar-20 01:12:34 GMT; path=/; domain=.npmjs.org; HttpOnly; SameSite=Lax' ],
68 verbose headers   'cf-ray': '569d926ffafc588f-DFW',
68 verbose headers   age: '6598',
68 verbose headers   'cache-control': 'public, max-age=300',
68 verbose headers   etag: '"ccaef4541845c31c4cc05bcf8dd00ce6"',
68 verbose headers   'last-modified': 'Fri, 08 Nov 2019 06:46:39 GMT',
68 verbose headers   vary: 'Accept-Encoding',
68 verbose headers   'cf-cache-status': 'HIT',
68 verbose headers   'expect-ct': 'max-age=604800, report-uri="https://report-uri.cloudflare.com/cdn-cgi/beacon/expect-ct"',
68 verbose headers   server: 'cloudflare' }
69 silly get cb [ 304,
69 silly get   { date: 'Mon, 24 Feb 2020 01:12:34 GMT',
69 silly get     connection: 'keep-alive',
69 silly get     'set-cookie':
69 silly get      [ '__cfduid=dddc97156196e9e66e7531d350ccb0a471582506754; expires=Wed, 25-Mar-20 01:12:34 GMT; path=/; domain=.npmjs.org; HttpOnly; SameSite=Lax' ],
69 silly get     'cf-ray': '569d926ffafc588f-DFW',
69 silly get     age: '6598',
69 silly get     'cache-control': 'public, max-age=300',
69 silly get     etag: '"ccaef4541845c31c4cc05bcf8dd00ce6"',
69 silly get     'last-modified': 'Fri, 08 Nov 2019 06:46:39 GMT',
69 silly get     vary: 'Accept-Encoding',
69 silly get     'cf-cache-status': 'HIT',
69 silly get     'expect-ct': 'max-age=604800, report-uri="https://report-uri.cloudflare.com/cdn-cgi/beacon/expect-ct"',
69 silly get     server: 'cloudflare' } ]
70 verbose etag https://registry.npmjs.org/qs from cache
71 verbose get saving qs to /home/st/.npm/registry.npmjs.org/qs/.cache.json
72 silly resolveWithNewModule qs@6.7.0 checking installable status
73 silly cache add args [ 'qs@6.7.0', null ]
74 verbose cache add spec qs@6.7.0
75 silly cache add parsed spec Result {
75 silly cache add   raw: 'qs@6.7.0',
75 silly cache add   scope: null,
75 silly cache add   name: 'qs',
75 silly cache add   rawSpec: '6.7.0',
75 silly cache add   spec: '6.7.0',
75 silly cache add   type: 'version' }
76 silly addNamed qs@6.7.0
77 verbose addNamed "6.7.0" is a plain semver version for qs
78 silly mapToRegistry name qs
79 silly mapToRegistry using default registry
80 silly mapToRegistry registry https://registry.npmjs.org/
81 silly mapToRegistry uri https://registry.npmjs.org/qs
82 verbose addNameVersion registry:https://registry.npmjs.org/qs not in flight; fetching
83 verbose get https://registry.npmjs.org/qs not expired, no request
84 silly cache afterAdd qs@6.7.0
85 verbose afterAdd /home/st/.npm/qs/6.7.0/package/package.json not in flight; writing
86 verbose afterAdd /home/st/.npm/qs/6.7.0/package/package.json written
87 silly loadAllDepsIntoIdealTree Finishing
88 silly idealTree:prePrune web-server@1.0.0
88 silly idealTree:prePrune ├── @lamansky/flatten@1.0.0
88 silly idealTree:prePrune ├── abbrev@1.1.1
88 silly idealTree:prePrune ├── accepts@1.3.7
88 silly idealTree:prePrune ├── ajv@6.12.0
88 silly idealTree:prePrune ├── arr-diff@4.0.0
88 silly idealTree:prePrune ├── arr-flatten@1.1.0
88 silly idealTree:prePrune ├── arr-union@3.1.0
88 silly idealTree:prePrune ├── array-flatten@1.1.1
88 silly idealTree:prePrune ├── array-pad@0.0.1
88 silly idealTree:prePrune ├── array-unique@0.3.2
88 silly idealTree:prePrune ├── asn1@0.2.4
88 silly idealTree:prePrune ├── assert-plus@1.0.0
88 silly idealTree:prePrune ├── assign-symbols@1.0.0
88 silly idealTree:prePrune ├── asynckit@0.4.0
88 silly idealTree:prePrune ├── atob@2.1.2
88 silly idealTree:prePrune ├── aws-sign2@0.7.0
88 silly idealTree:prePrune ├── aws4@1.9.1
88 silly idealTree:prePrune ├─┬ base@0.11.2
88 silly idealTree:prePrune │ ├── define-property@1.0.0
88 silly idealTree:prePrune │ ├── is-accessor-descriptor@1.0.0
88 silly idealTree:prePrune │ ├── is-data-descriptor@1.0.0
88 silly idealTree:prePrune │ └── is-descriptor@1.0.2
88 silly idealTree:prePrune ├── bcrypt-pbkdf@1.0.2
88 silly idealTree:prePrune ├── bluebird@3.7.2
88 silly idealTree:prePrune ├─┬ body-parser@1.19.0
88 silly idealTree:prePrune │ └── qs@6.7.0
88 silly idealTree:prePrune ├─┬ braces@2.3.2
88 silly idealTree:prePrune │ └── extend-shallow@2.0.1
88 silly idealTree:prePrune ├── bytes@3.1.0
88 silly idealTree:prePrune ├── cache-base@1.0.1
88 silly idealTree:prePrune ├── caseless@0.12.0
88 silly idealTree:prePrune ├─┬ class-utils@0.3.6
88 silly idealTree:prePrune │ └── define-property@0.2.5
88 silly idealTree:prePrune ├── collection-visit@1.0.0
88 silly idealTree:prePrune ├── combined-stream@1.0.8
88 silly idealTree:prePrune ├── commander@2.20.3
88 silly idealTree:prePrune ├── component-emitter@1.3.0
88 silly idealTree:prePrune ├── config-chain@1.1.12
88 silly idealTree:prePrune ├── content-disposition@0.5.3
88 silly idealTree:prePrune ├── content-type@1.0.4
88 silly idealTree:prePrune ├── cookie-signature@1.0.6
88 silly idealTree:prePrune ├── cookie@0.4.0
88 silly idealTree:prePrune ├── copy-descriptor@0.1.1
88 silly idealTree:prePrune ├── copy-own@1.1.0
88 silly idealTree:prePrune ├── core-util-is@1.0.2
88 silly idealTree:prePrune ├── dashdash@1.14.1
88 silly idealTree:prePrune ├── debug@2.6.9
88 silly idealTree:prePrune ├── decode-uri-component@0.2.0
88 silly idealTree:prePrune ├─┬ define-property@2.0.2
88 silly idealTree:prePrune │ ├── is-accessor-descriptor@1.0.0
88 silly idealTree:prePrune │ ├── is-data-descriptor@1.0.0
88 silly idealTree:prePrune │ └── is-descriptor@1.0.2
88 silly idealTree:prePrune ├── delayed-stream@1.0.0
88 silly idealTree:prePrune ├── depd@1.1.2
88 silly idealTree:prePrune ├── destroy@1.0.4
88 silly idealTree:prePrune ├── dot-prop@4.2.0
88 silly idealTree:prePrune ├── ecc-jsbn@0.1.2
88 silly idealTree:prePrune ├── editorconfig@0.15.3
88 silly idealTree:prePrune ├── ee-first@1.1.1
88 silly idealTree:prePrune ├── encodeurl@1.0.2
88 silly idealTree:prePrune ├── english-list@1.0.0
88 silly idealTree:prePrune ├── escape-html@1.0.3
88 silly idealTree:prePrune ├── etag@1.8.1
88 silly idealTree:prePrune ├─┬ expand-brackets@2.1.4
88 silly idealTree:prePrune │ ├── define-property@0.2.5
88 silly idealTree:prePrune │ └── extend-shallow@2.0.1
88 silly idealTree:prePrune ├── express-hbs@2.3.0
88 silly idealTree:prePrune ├─┬ express@4.17.1
88 silly idealTree:prePrune │ └── qs@6.7.0
88 silly idealTree:prePrune ├─┬ extend-shallow@3.0.2
88 silly idealTree:prePrune │ └── is-extendable@1.0.1
88 silly idealTree:prePrune ├── extend@3.0.2
88 silly idealTree:prePrune ├─┬ extglob@2.0.4
88 silly idealTree:prePrune │ ├── define-property@1.0.0
88 silly idealTree:prePrune │ ├── extend-shallow@2.0.1
88 silly idealTree:prePrune │ ├── is-accessor-descriptor@1.0.0
88 silly idealTree:prePrune │ ├── is-data-descriptor@1.0.0
88 silly idealTree:prePrune │ └── is-descriptor@1.0.2
88 silly idealTree:prePrune ├── extsprintf@1.3.0
88 silly idealTree:prePrune ├── fast-deep-equal@3.1.1
88 silly idealTree:prePrune ├── fast-json-stable-stringify@2.1.0
88 silly idealTree:prePrune ├── ffn@2.1.0
88 silly idealTree:prePrune ├─┬ fill-range@4.0.0
88 silly idealTree:prePrune │ └── extend-shallow@2.0.1
88 silly idealTree:prePrune ├── finalhandler@1.1.2
88 silly idealTree:prePrune ├── for-in@1.0.2
88 silly idealTree:prePrune ├── foreachasync@3.0.0
88 silly idealTree:prePrune ├── forever-agent@0.6.1
88 silly idealTree:prePrune ├── form-data@2.3.3
88 silly idealTree:prePrune ├── forwarded@0.1.2
88 silly idealTree:prePrune ├── fragment-cache@0.2.1
88 silly idealTree:prePrune ├── fresh@0.5.2
88 silly idealTree:prePrune ├── get-value@2.0.6
88 silly idealTree:prePrune ├── getpass@0.1.7
88 silly idealTree:prePrune ├── graceful-fs@4.2.3
88 silly idealTree:prePrune ├── handlebars@4.5.3
88 silly idealTree:prePrune ├── har-schema@2.0.0
88 silly idealTree:prePrune ├── har-validator@5.1.3
88 silly idealTree:prePrune ├── has-duplicates@1.0.0
88 silly idealTree:prePrune ├── has-value@1.0.0
88 silly idealTree:prePrune ├─┬ has-values@1.0.0
88 silly idealTree:prePrune │ └── kind-of@4.0.0
88 silly idealTree:prePrune ├── hbs@4.1.0
88 silly idealTree:prePrune ├── http-errors@1.7.2
88 silly idealTree:prePrune ├── http-signature@1.2.0
88 silly idealTree:prePrune ├── iconv-lite@0.4.24
88 silly idealTree:prePrune ├── inherits@2.0.3
88 silly idealTree:prePrune ├── ini@1.3.5
88 silly idealTree:prePrune ├── ipaddr.js@1.9.0
88 silly idealTree:prePrune ├─┬ is-accessor-descriptor@0.1.6
88 silly idealTree:prePrune │ └── kind-of@3.2.2
88 silly idealTree:prePrune ├── is-buffer@1.1.6
88 silly idealTree:prePrune ├─┬ is-data-descriptor@0.1.4
88 silly idealTree:prePrune │ └── kind-of@3.2.2
88 silly idealTree:prePrune ├─┬ is-descriptor@0.1.6
88 silly idealTree:prePrune │ └── kind-of@5.1.0
88 silly idealTree:prePrune ├── is-extendable@0.1.1
88 silly idealTree:prePrune ├── is-global-object@1.0.0
88 silly idealTree:prePrune ├── is-nil@1.0.1
88 silly idealTree:prePrune ├─┬ is-number@3.0.0
88 silly idealTree:prePrune │ └── kind-of@3.2.2
88 silly idealTree:prePrune ├── is-obj@1.0.1
88 silly idealTree:prePrune ├── is-object@1.0.1
88 silly idealTree:prePrune ├── is-plain-object@2.0.4
88 silly idealTree:prePrune ├── is-typedarray@1.0.0
88 silly idealTree:prePrune ├── is-windows@1.0.2
88 silly idealTree:prePrune ├── isarray@1.0.0
88 silly idealTree:prePrune ├── isobject@3.0.1
88 silly idealTree:prePrune ├── isstream@0.1.2
88 silly idealTree:prePrune ├── js-beautify@1.8.8
88 silly idealTree:prePrune ├── jsbn@0.1.1
88 silly idealTree:prePrune ├── json-schema-traverse@0.4.1
88 silly idealTree:prePrune ├── json-schema@0.2.3
88 silly idealTree:prePrune ├── json-stringify-safe@5.0.1
88 silly idealTree:prePrune ├── jsprim@1.4.1
88 silly idealTree:prePrune ├── kind-of@6.0.3
88 silly idealTree:prePrune ├── lodash@4.17.15
88 silly idealTree:prePrune ├── longest-first@1.0.0
88 silly idealTree:prePrune ├── lru-cache@4.1.5
88 silly idealTree:prePrune ├── map-cache@0.2.2
88 silly idealTree:prePrune ├── map-visit@1.0.0
88 silly idealTree:prePrune ├── media-typer@0.3.0
88 silly idealTree:prePrune ├── merge-descriptors@1.0.1
88 silly idealTree:prePrune ├── methods@1.1.2
88 silly idealTree:prePrune ├── micromatch@3.1.10
88 silly idealTree:prePrune ├── mime-db@1.40.0
88 silly idealTree:prePrune ├── mime-types@2.1.24
88 silly idealTree:prePrune ├── mime@1.6.0
88 silly idealTree:prePrune ├── minimist@0.0.10
88 silly idealTree:prePrune ├─┬ mixin-deep@1.3.2
88 silly idealTree:prePrune │ └── is-extendable@1.0.1
88 silly idealTree:prePrune ├─┬ mkdirp@0.5.1
88 silly idealTree:prePrune │ └── minimist@0.0.8
88 silly idealTree:prePrune ├── ms@2.0.0
88 silly idealTree:prePrune ├── nanomatch@1.2.13
88 silly idealTree:prePrune ├── negotiator@0.6.2
88 silly idealTree:prePrune ├── neo-async@2.6.1
88 silly idealTree:prePrune ├── nopt@4.0.1
88 silly idealTree:prePrune ├── oauth-sign@0.9.0
88 silly idealTree:prePrune ├─┬ object-copy@0.1.0
88 silly idealTree:prePrune │ ├── define-property@0.2.5
88 silly idealTree:prePrune │ └── kind-of@3.2.2
88 silly idealTree:prePrune ├── object-visit@1.0.1
88 silly idealTree:prePrune ├── object.pick@1.3.0
88 silly idealTree:prePrune ├── ofn@1.0.0
88 silly idealTree:prePrune ├── on-finished@2.3.0
88 silly idealTree:prePrune ├── optimist@0.6.1
88 silly idealTree:prePrune ├── os-homedir@1.0.2
88 silly idealTree:prePrune ├── os-tmpdir@1.0.2
88 silly idealTree:prePrune ├── osenv@0.1.5
88 silly idealTree:prePrune ├── parseurl@1.3.3
88 silly idealTree:prePrune ├── pascalcase@0.1.1
88 silly idealTree:prePrune ├── path-to-regexp@0.1.7
88 silly idealTree:prePrune ├── performance-now@2.1.0
88 silly idealTree:prePrune ├── plainify@1.0.0
88 silly idealTree:prePrune ├── posix-character-classes@0.1.1
88 silly idealTree:prePrune ├── process-nextick-args@2.0.1
88 silly idealTree:prePrune ├── proto-list@1.2.4
88 silly idealTree:prePrune ├── proxy-addr@2.0.5
88 silly idealTree:prePrune ├── pseudomap@1.0.2
88 silly idealTree:prePrune ├── psl@1.7.0
88 silly idealTree:prePrune ├── punycode@2.1.1
88 silly idealTree:prePrune ├── qs@6.5.2
88 silly idealTree:prePrune ├── range-parser@1.2.1
88 silly idealTree:prePrune ├── raw-body@2.4.0
88 silly idealTree:prePrune ├── readable-stream@2.3.7
88 silly idealTree:prePrune ├── readdirp@2.2.1
88 silly idealTree:prePrune ├── regex-not@1.0.2
88 silly idealTree:prePrune ├── remove-prefix@2.0.0
88 silly idealTree:prePrune ├── repeat-element@1.1.3
88 silly idealTree:prePrune ├── repeat-string@1.6.1
88 silly idealTree:prePrune ├── request@2.88.2
88 silly idealTree:prePrune ├── resolve-url@0.2.1
88 silly idealTree:prePrune ├── ret@0.1.15
88 silly idealTree:prePrune ├── safe-buffer@5.1.2
88 silly idealTree:prePrune ├── safe-regex@1.1.0
88 silly idealTree:prePrune ├── safer-buffer@2.1.2
88 silly idealTree:prePrune ├── sbo@1.1.0
88 silly idealTree:prePrune ├── semver@5.7.1
88 silly idealTree:prePrune ├─┬ send@0.17.1
88 silly idealTree:prePrune │ └── ms@2.1.1
88 silly idealTree:prePrune ├── serve-static@1.14.1
88 silly idealTree:prePrune ├─┬ set-value@2.0.1
88 silly idealTree:prePrune │ └── extend-shallow@2.0.1
88 silly idealTree:prePrune ├── setprototypeof@1.1.1
88 silly idealTree:prePrune ├── sigmund@1.0.1
88 silly idealTree:prePrune ├─┬ snapdragon-node@2.1.1
88 silly idealTree:prePrune │ ├── define-property@1.0.0
88 silly idealTree:prePrune │ ├── is-accessor-descriptor@1.0.0
88 silly idealTree:prePrune │ ├── is-data-descriptor@1.0.0
88 silly idealTree:prePrune │ └── is-descriptor@1.0.2
88 silly idealTree:prePrune ├─┬ snapdragon-util@3.0.1
88 silly idealTree:prePrune │ └── kind-of@3.2.2
88 silly idealTree:prePrune ├─┬ snapdragon@0.8.2
88 silly idealTree:prePrune │ ├── define-property@0.2.5
88 silly idealTree:prePrune │ ├── extend-shallow@2.0.1
88 silly idealTree:prePrune │ └── source-map@0.5.7
88 silly idealTree:prePrune ├── sorp@1.0.0
88 silly idealTree:prePrune ├── source-map-resolve@0.5.3
88 silly idealTree:prePrune ├── source-map-url@0.4.0
88 silly idealTree:prePrune ├── source-map@0.6.1
88 silly idealTree:prePrune ├── split-string@3.1.0
88 silly idealTree:prePrune ├── sshpk@1.16.1
88 silly idealTree:prePrune ├─┬ static-extend@0.1.2
88 silly idealTree:prePrune │ └── define-property@0.2.5
88 silly idealTree:prePrune ├── statuses@1.5.0
88 silly idealTree:prePrune ├── string_decoder@1.1.1
88 silly idealTree:prePrune ├─┬ to-object-path@0.3.0
88 silly idealTree:prePrune │ └── kind-of@3.2.2
88 silly idealTree:prePrune ├── to-regex-range@2.1.1
88 silly idealTree:prePrune ├── to-regex@3.0.2
88 silly idealTree:prePrune ├── toidentifier@1.0.0
88 silly idealTree:prePrune ├── tough-cookie@2.5.0
88 silly idealTree:prePrune ├── tunnel-agent@0.6.0
88 silly idealTree:prePrune ├── tweetnacl@0.14.5
88 silly idealTree:prePrune ├── type-is@1.6.18
88 silly idealTree:prePrune ├── uglify-js@3.8.0
88 silly idealTree:prePrune ├── union-value@1.0.1
88 silly idealTree:prePrune ├── unpipe@1.0.0
88 silly idealTree:prePrune ├─┬ unset-value@1.0.0
88 silly idealTree:prePrune │ ├─┬ has-value@0.3.1
88 silly idealTree:prePrune │ │ └── isobject@2.1.0
88 silly idealTree:prePrune │ └── has-values@0.1.4
88 silly idealTree:prePrune ├── uri-js@4.2.2
88 silly idealTree:prePrune ├── urix@0.1.0
88 silly idealTree:prePrune ├── use@3.1.1
88 silly idealTree:prePrune ├── util-deprecate@1.0.2
88 silly idealTree:prePrune ├── utils-merge@1.0.1
88 silly idealTree:prePrune ├── uuid@3.4.0
88 silly idealTree:prePrune ├── vary@1.1.2
88 silly idealTree:prePrune ├── verror@1.10.0
88 silly idealTree:prePrune ├── walk@2.3.14
88 silly idealTree:prePrune ├── wfn@1.0.0
88 silly idealTree:prePrune ├── wordwrap@0.0.3
88 silly idealTree:prePrune └── yallist@2.1.2
89 silly loadIdealTree Finishing
90 silly currentTree web-server@1.0.0
90 silly currentTree ├── @lamansky/flatten@1.0.0
90 silly currentTree ├── abbrev@1.1.1
90 silly currentTree ├── accepts@1.3.7
90 silly currentTree ├── ajv@6.12.0
90 silly currentTree ├── arr-diff@4.0.0
90 silly currentTree ├── arr-flatten@1.1.0
90 silly currentTree ├── arr-union@3.1.0
90 silly currentTree ├── array-flatten@1.1.1
90 silly currentTree ├── array-pad@0.0.1
90 silly currentTree ├── array-unique@0.3.2
90 silly currentTree ├── asn1@0.2.4
90 silly currentTree ├── assert-plus@1.0.0
90 silly currentTree ├── assign-symbols@1.0.0
90 silly currentTree ├── asynckit@0.4.0
90 silly currentTree ├── atob@2.1.2
90 silly currentTree ├── aws-sign2@0.7.0
90 silly currentTree ├── aws4@1.9.1
90 silly currentTree ├─┬ base@0.11.2
90 silly currentTree │ ├── define-property@1.0.0
90 silly currentTree │ ├── is-accessor-descriptor@1.0.0
90 silly currentTree │ ├── is-data-descriptor@1.0.0
90 silly currentTree │ └── is-descriptor@1.0.2
90 silly currentTree ├── bcrypt-pbkdf@1.0.2
90 silly currentTree ├── bluebird@3.7.2
90 silly currentTree ├─┬ body-parser@1.19.0
90 silly currentTree │ └── qs@6.7.0
90 silly currentTree ├─┬ braces@2.3.2
90 silly currentTree │ └── extend-shallow@2.0.1
90 silly currentTree ├── bytes@3.1.0
90 silly currentTree ├── cache-base@1.0.1
90 silly currentTree ├── caseless@0.12.0
90 silly currentTree ├─┬ class-utils@0.3.6
90 silly currentTree │ └── define-property@0.2.5
90 silly currentTree ├── collection-visit@1.0.0
90 silly currentTree ├── combined-stream@1.0.8
90 silly currentTree ├── commander@2.20.3
90 silly currentTree ├── component-emitter@1.3.0
90 silly currentTree ├── config-chain@1.1.12
90 silly currentTree ├── content-disposition@0.5.3
90 silly currentTree ├── content-type@1.0.4
90 silly currentTree ├── cookie-signature@1.0.6
90 silly currentTree ├── cookie@0.4.0
90 silly currentTree ├── copy-descriptor@0.1.1
90 silly currentTree ├── copy-own@1.1.0
90 silly currentTree ├── core-util-is@1.0.2
90 silly currentTree ├── dashdash@1.14.1
90 silly currentTree ├── debug@2.6.9
90 silly currentTree ├── decode-uri-component@0.2.0
90 silly currentTree ├─┬ define-property@2.0.2
90 silly currentTree │ ├── is-accessor-descriptor@1.0.0
90 silly currentTree │ ├── is-data-descriptor@1.0.0
90 silly currentTree │ └── is-descriptor@1.0.2
90 silly currentTree ├── delayed-stream@1.0.0
90 silly currentTree ├── depd@1.1.2
90 silly currentTree ├── destroy@1.0.4
90 silly currentTree ├── dot-prop@4.2.0
90 silly currentTree ├── ecc-jsbn@0.1.2
90 silly currentTree ├── editorconfig@0.15.3
90 silly currentTree ├── ee-first@1.1.1
90 silly currentTree ├── encodeurl@1.0.2
90 silly currentTree ├── english-list@1.0.0
90 silly currentTree ├── escape-html@1.0.3
90 silly currentTree ├── etag@1.8.1
90 silly currentTree ├─┬ expand-brackets@2.1.4
90 silly currentTree │ ├── define-property@0.2.5
90 silly currentTree │ └── extend-shallow@2.0.1
90 silly currentTree ├── express-hbs@2.3.0
90 silly currentTree ├─┬ extend-shallow@3.0.2
90 silly currentTree │ └── is-extendable@1.0.1
90 silly currentTree ├── extend@3.0.2
90 silly currentTree ├─┬ extglob@2.0.4
90 silly currentTree │ ├── define-property@1.0.0
90 silly currentTree │ ├── extend-shallow@2.0.1
90 silly currentTree │ ├── is-accessor-descriptor@1.0.0
90 silly currentTree │ ├── is-data-descriptor@1.0.0
90 silly currentTree │ └── is-descriptor@1.0.2
90 silly currentTree ├── extsprintf@1.3.0
90 silly currentTree ├── fast-deep-equal@3.1.1
90 silly currentTree ├── fast-json-stable-stringify@2.1.0
90 silly currentTree ├── ffn@2.1.0
90 silly currentTree ├─┬ fill-range@4.0.0
90 silly currentTree │ └── extend-shallow@2.0.1
90 silly currentTree ├── finalhandler@1.1.2
90 silly currentTree ├── for-in@1.0.2
90 silly currentTree ├── foreachasync@3.0.0
90 silly currentTree ├── forever-agent@0.6.1
90 silly currentTree ├── form-data@2.3.3
90 silly currentTree ├── forwarded@0.1.2
90 silly currentTree ├── fragment-cache@0.2.1
90 silly currentTree ├── fresh@0.5.2
90 silly currentTree ├── get-value@2.0.6
90 silly currentTree ├── getpass@0.1.7
90 silly currentTree ├── graceful-fs@4.2.3
90 silly currentTree ├── handlebars@4.5.3
90 silly currentTree ├── har-schema@2.0.0
90 silly currentTree ├── har-validator@5.1.3
90 silly currentTree ├── has-duplicates@1.0.0
90 silly currentTree ├── has-value@1.0.0
90 silly currentTree ├─┬ has-values@1.0.0
90 silly currentTree │ └── kind-of@4.0.0
90 silly currentTree ├── hbs@4.1.0
90 silly currentTree ├── http-errors@1.7.2
90 silly currentTree ├── http-signature@1.2.0
90 silly currentTree ├── iconv-lite@0.4.24
90 silly currentTree ├── inherits@2.0.3
90 silly currentTree ├── ini@1.3.5
90 silly currentTree ├── ipaddr.js@1.9.0
90 silly currentTree ├─┬ is-accessor-descriptor@0.1.6
90 silly currentTree │ └── kind-of@3.2.2
90 silly currentTree ├── is-buffer@1.1.6
90 silly currentTree ├─┬ is-data-descriptor@0.1.4
90 silly currentTree │ └── kind-of@3.2.2
90 silly currentTree ├─┬ is-descriptor@0.1.6
90 silly currentTree │ └── kind-of@5.1.0
90 silly currentTree ├── is-extendable@0.1.1
90 silly currentTree ├── is-global-object@1.0.0
90 silly currentTree ├── is-nil@1.0.1
90 silly currentTree ├─┬ is-number@3.0.0
90 silly currentTree │ └── kind-of@3.2.2
90 silly currentTree ├── is-obj@1.0.1
90 silly currentTree ├── is-object@1.0.1
90 silly currentTree ├── is-plain-object@2.0.4
90 silly currentTree ├── is-typedarray@1.0.0
90 silly currentTree ├── is-windows@1.0.2
90 silly currentTree ├── isarray@1.0.0
90 silly currentTree ├── isobject@3.0.1
90 silly currentTree ├── isstream@0.1.2
90 silly currentTree ├── js-beautify@1.8.8
90 silly currentTree ├── jsbn@0.1.1
90 silly currentTree ├── json-schema-traverse@0.4.1
90 silly currentTree ├── json-schema@0.2.3
90 silly currentTree ├── json-stringify-safe@5.0.1
90 silly currentTree ├── jsprim@1.4.1
90 silly currentTree ├── kind-of@6.0.3
90 silly currentTree ├── lodash@4.17.15
90 silly currentTree ├── longest-first@1.0.0
90 silly currentTree ├── lru-cache@4.1.5
90 silly currentTree ├── map-cache@0.2.2
90 silly currentTree ├── map-visit@1.0.0
90 silly currentTree ├── media-typer@0.3.0
90 silly currentTree ├── merge-descriptors@1.0.1
90 silly currentTree ├── methods@1.1.2
90 silly currentTree ├── micromatch@3.1.10
90 silly currentTree ├── mime-db@1.40.0
90 silly currentTree ├── mime-types@2.1.24
90 silly currentTree ├── mime@1.6.0
90 silly currentTree ├── minimist@0.0.10
90 silly currentTree ├─┬ mixin-deep@1.3.2
90 silly currentTree │ └── is-extendable@1.0.1
90 silly currentTree ├─┬ mkdirp@0.5.1
90 silly currentTree │ └── minimist@0.0.8
90 silly currentTree ├── ms@2.0.0
90 silly currentTree ├── nanomatch@1.2.13
90 silly currentTree ├── negotiator@0.6.2
90 silly currentTree ├── neo-async@2.6.1
90 silly currentTree ├── nopt@4.0.1
90 silly currentTree ├── oauth-sign@0.9.0
90 silly currentTree ├─┬ object-copy@0.1.0
90 silly currentTree │ ├── define-property@0.2.5
90 silly currentTree │ └── kind-of@3.2.2
90 silly currentTree ├── object-visit@1.0.1
90 silly currentTree ├── object.pick@1.3.0
90 silly currentTree ├── ofn@1.0.0
90 silly currentTree ├── on-finished@2.3.0
90 silly currentTree ├── optimist@0.6.1
90 silly currentTree ├── os-homedir@1.0.2
90 silly currentTree ├── os-tmpdir@1.0.2
90 silly currentTree ├── osenv@0.1.5
90 silly currentTree ├── parseurl@1.3.3
90 silly currentTree ├── pascalcase@0.1.1
90 silly currentTree ├── path-to-regexp@0.1.7
90 silly currentTree ├── performance-now@2.1.0
90 silly currentTree ├── plainify@1.0.0
90 silly currentTree ├── posix-character-classes@0.1.1
90 silly currentTree ├── process-nextick-args@2.0.1
90 silly currentTree ├── proto-list@1.2.4
90 silly currentTree ├── proxy-addr@2.0.5
90 silly currentTree ├── pseudomap@1.0.2
90 silly currentTree ├── psl@1.7.0
90 silly currentTree ├── punycode@2.1.1
90 silly currentTree ├── qs@6.5.2
90 silly currentTree ├── range-parser@1.2.1
90 silly currentTree ├── raw-body@2.4.0
90 silly currentTree ├── readable-stream@2.3.7
90 silly currentTree ├── readdirp@2.2.1
90 silly currentTree ├── regex-not@1.0.2
90 silly currentTree ├── remove-prefix@2.0.0
90 silly currentTree ├── repeat-element@1.1.3
90 silly currentTree ├── repeat-string@1.6.1
90 silly currentTree ├── request@2.88.2
90 silly currentTree ├── resolve-url@0.2.1
90 silly currentTree ├── ret@0.1.15
90 silly currentTree ├── safe-buffer@5.1.2
90 silly currentTree ├── safe-regex@1.1.0
90 silly currentTree ├── safer-buffer@2.1.2
90 silly currentTree ├── sbo@1.1.0
90 silly currentTree ├── semver@5.7.1
90 silly currentTree ├─┬ send@0.17.1
90 silly currentTree │ └── ms@2.1.1
90 silly currentTree ├── serve-static@1.14.1
90 silly currentTree ├─┬ set-value@2.0.1
90 silly currentTree │ └── extend-shallow@2.0.1
90 silly currentTree ├── setprototypeof@1.1.1
90 silly currentTree ├── sigmund@1.0.1
90 silly currentTree ├─┬ snapdragon-node@2.1.1
90 silly currentTree │ ├── define-property@1.0.0
90 silly currentTree │ ├── is-accessor-descriptor@1.0.0
90 silly currentTree │ ├── is-data-descriptor@1.0.0
90 silly currentTree │ └── is-descriptor@1.0.2
90 silly currentTree ├─┬ snapdragon-util@3.0.1
90 silly currentTree │ └── kind-of@3.2.2
90 silly currentTree ├─┬ snapdragon@0.8.2
90 silly currentTree │ ├── define-property@0.2.5
90 silly currentTree │ ├── extend-shallow@2.0.1
90 silly currentTree │ └── source-map@0.5.7
90 silly currentTree ├── sorp@1.0.0
90 silly currentTree ├── source-map-resolve@0.5.3
90 silly currentTree ├── source-map-url@0.4.0
90 silly currentTree ├── source-map@0.6.1
90 silly currentTree ├── split-string@3.1.0
90 silly currentTree ├── sshpk@1.16.1
90 silly currentTree ├─┬ static-extend@0.1.2
90 silly currentTree │ └── define-property@0.2.5
90 silly currentTree ├── statuses@1.5.0
90 silly currentTree ├── string_decoder@1.1.1
90 silly currentTree ├─┬ to-object-path@0.3.0
90 silly currentTree │ └── kind-of@3.2.2
90 silly currentTree ├── to-regex-range@2.1.1
90 silly currentTree ├── to-regex@3.0.2
90 silly currentTree ├── toidentifier@1.0.0
90 silly currentTree ├── tough-cookie@2.5.0
90 silly currentTree ├── tunnel-agent@0.6.0
90 silly currentTree ├── tweetnacl@0.14.5
90 silly currentTree ├── type-is@1.6.18
90 silly currentTree ├── uglify-js@3.8.0
90 silly currentTree ├── union-value@1.0.1
90 silly currentTree ├── unpipe@1.0.0
90 silly currentTree ├─┬ unset-value@1.0.0
90 silly currentTree │ ├─┬ has-value@0.3.1
90 silly currentTree │ │ └── isobject@2.1.0
90 silly currentTree │ └── has-values@0.1.4
90 silly currentTree ├── uri-js@4.2.2
90 silly currentTree ├── urix@0.1.0
90 silly currentTree ├── use@3.1.1
90 silly currentTree ├── util-deprecate@1.0.2
90 silly currentTree ├── utils-merge@1.0.1
90 silly currentTree ├── uuid@3.4.0
90 silly currentTree ├── vary@1.1.2
90 silly currentTree ├── verror@1.10.0
90 silly currentTree ├── walk@2.3.14
90 silly currentTree ├── wfn@1.0.0
90 silly currentTree ├── wordwrap@0.0.3
90 silly currentTree └── yallist@2.1.2
91 silly idealTree web-server@1.0.0
91 silly idealTree ├── @lamansky/flatten@1.0.0
91 silly idealTree ├── abbrev@1.1.1
91 silly idealTree ├── accepts@1.3.7
91 silly idealTree ├── ajv@6.12.0
91 silly idealTree ├── arr-diff@4.0.0
91 silly idealTree ├── arr-flatten@1.1.0
91 silly idealTree ├── arr-union@3.1.0
91 silly idealTree ├── array-flatten@1.1.1
91 silly idealTree ├── array-pad@0.0.1
91 silly idealTree ├── array-unique@0.3.2
91 silly idealTree ├── asn1@0.2.4
91 silly idealTree ├── assert-plus@1.0.0
91 silly idealTree ├── assign-symbols@1.0.0
91 silly idealTree ├── asynckit@0.4.0
91 silly idealTree ├── atob@2.1.2
91 silly idealTree ├── aws-sign2@0.7.0
91 silly idealTree ├── aws4@1.9.1
91 silly idealTree ├─┬ base@0.11.2
91 silly idealTree │ ├── define-property@1.0.0
91 silly idealTree │ ├── is-accessor-descriptor@1.0.0
91 silly idealTree │ ├── is-data-descriptor@1.0.0
91 silly idealTree │ └── is-descriptor@1.0.2
91 silly idealTree ├── bcrypt-pbkdf@1.0.2
91 silly idealTree ├── bluebird@3.7.2
91 silly idealTree ├─┬ body-parser@1.19.0
91 silly idealTree │ └── qs@6.7.0
91 silly idealTree ├─┬ braces@2.3.2
91 silly idealTree │ └── extend-shallow@2.0.1
91 silly idealTree ├── bytes@3.1.0
91 silly idealTree ├── cache-base@1.0.1
91 silly idealTree ├── caseless@0.12.0
91 silly idealTree ├─┬ class-utils@0.3.6
91 silly idealTree │ └── define-property@0.2.5
91 silly idealTree ├── collection-visit@1.0.0
91 silly idealTree ├── combined-stream@1.0.8
91 silly idealTree ├── commander@2.20.3
91 silly idealTree ├── component-emitter@1.3.0
91 silly idealTree ├── config-chain@1.1.12
91 silly idealTree ├── content-disposition@0.5.3
91 silly idealTree ├── content-type@1.0.4
91 silly idealTree ├── cookie-signature@1.0.6
91 silly idealTree ├── cookie@0.4.0
91 silly idealTree ├── copy-descriptor@0.1.1
91 silly idealTree ├── copy-own@1.1.0
91 silly idealTree ├── core-util-is@1.0.2
91 silly idealTree ├── dashdash@1.14.1
91 silly idealTree ├── debug@2.6.9
91 silly idealTree ├── decode-uri-component@0.2.0
91 silly idealTree ├─┬ define-property@2.0.2
91 silly idealTree │ ├── is-accessor-descriptor@1.0.0
91 silly idealTree │ ├── is-data-descriptor@1.0.0
91 silly idealTree │ └── is-descriptor@1.0.2
91 silly idealTree ├── delayed-stream@1.0.0
91 silly idealTree ├── depd@1.1.2
91 silly idealTree ├── destroy@1.0.4
91 silly idealTree ├── dot-prop@4.2.0
91 silly idealTree ├── ecc-jsbn@0.1.2
91 silly idealTree ├── editorconfig@0.15.3
91 silly idealTree ├── ee-first@1.1.1
91 silly idealTree ├── encodeurl@1.0.2
91 silly idealTree ├── english-list@1.0.0
91 silly idealTree ├── escape-html@1.0.3
91 silly idealTree ├── etag@1.8.1
91 silly idealTree ├─┬ expand-brackets@2.1.4
91 silly idealTree │ ├── define-property@0.2.5
91 silly idealTree │ └── extend-shallow@2.0.1
91 silly idealTree ├── express-hbs@2.3.0
91 silly idealTree ├─┬ express@4.17.1
91 silly idealTree │ └── qs@6.7.0
91 silly idealTree ├─┬ extend-shallow@3.0.2
91 silly idealTree │ └── is-extendable@1.0.1
91 silly idealTree ├── extend@3.0.2
91 silly idealTree ├─┬ extglob@2.0.4
91 silly idealTree │ ├── define-property@1.0.0
91 silly idealTree │ ├── extend-shallow@2.0.1
91 silly idealTree │ ├── is-accessor-descriptor@1.0.0
91 silly idealTree │ ├── is-data-descriptor@1.0.0
91 silly idealTree │ └── is-descriptor@1.0.2
91 silly idealTree ├── extsprintf@1.3.0
91 silly idealTree ├── fast-deep-equal@3.1.1
91 silly idealTree ├── fast-json-stable-stringify@2.1.0
91 silly idealTree ├── ffn@2.1.0
91 silly idealTree ├─┬ fill-range@4.0.0
91 silly idealTree │ └── extend-shallow@2.0.1
91 silly idealTree ├── finalhandler@1.1.2
91 silly idealTree ├── for-in@1.0.2
91 silly idealTree ├── foreachasync@3.0.0
91 silly idealTree ├── forever-agent@0.6.1
91 silly idealTree ├── form-data@2.3.3
91 silly idealTree ├── forwarded@0.1.2
91 silly idealTree ├── fragment-cache@0.2.1
91 silly idealTree ├── fresh@0.5.2
91 silly idealTree ├── get-value@2.0.6
91 silly idealTree ├── getpass@0.1.7
91 silly idealTree ├── graceful-fs@4.2.3
91 silly idealTree ├── handlebars@4.5.3
91 silly idealTree ├── har-schema@2.0.0
91 silly idealTree ├── har-validator@5.1.3
91 silly idealTree ├── has-duplicates@1.0.0
91 silly idealTree ├── has-value@1.0.0
91 silly idealTree ├─┬ has-values@1.0.0
91 silly idealTree │ └── kind-of@4.0.0
91 silly idealTree ├── hbs@4.1.0
91 silly idealTree ├── http-errors@1.7.2
91 silly idealTree ├── http-signature@1.2.0
91 silly idealTree ├── iconv-lite@0.4.24
91 silly idealTree ├── inherits@2.0.3
91 silly idealTree ├── ini@1.3.5
91 silly idealTree ├── ipaddr.js@1.9.0
91 silly idealTree ├─┬ is-accessor-descriptor@0.1.6
91 silly idealTree │ └── kind-of@3.2.2
91 silly idealTree ├── is-buffer@1.1.6
91 silly idealTree ├─┬ is-data-descriptor@0.1.4
91 silly idealTree │ └── kind-of@3.2.2
91 silly idealTree ├─┬ is-descriptor@0.1.6
91 silly idealTree │ └── kind-of@5.1.0
91 silly idealTree ├── is-extendable@0.1.1
91 silly idealTree ├── is-global-object@1.0.0
91 silly idealTree ├── is-nil@1.0.1
91 silly idealTree ├─┬ is-number@3.0.0
91 silly idealTree │ └── kind-of@3.2.2
91 silly idealTree ├── is-obj@1.0.1
91 silly idealTree ├── is-object@1.0.1
91 silly idealTree ├── is-plain-object@2.0.4
91 silly idealTree ├── is-typedarray@1.0.0
91 silly idealTree ├── is-windows@1.0.2
91 silly idealTree ├── isarray@1.0.0
91 silly idealTree ├── isobject@3.0.1
91 silly idealTree ├── isstream@0.1.2
91 silly idealTree ├── js-beautify@1.8.8
91 silly idealTree ├── jsbn@0.1.1
91 silly idealTree ├── json-schema-traverse@0.4.1
91 silly idealTree ├── json-schema@0.2.3
91 silly idealTree ├── json-stringify-safe@5.0.1
91 silly idealTree ├── jsprim@1.4.1
91 silly idealTree ├── kind-of@6.0.3
91 silly idealTree ├── lodash@4.17.15
91 silly idealTree ├── longest-first@1.0.0
91 silly idealTree ├── lru-cache@4.1.5
91 silly idealTree ├── map-cache@0.2.2
91 silly idealTree ├── map-visit@1.0.0
91 silly idealTree ├── media-typer@0.3.0
91 silly idealTree ├── merge-descriptors@1.0.1
91 silly idealTree ├── methods@1.1.2
91 silly idealTree ├── micromatch@3.1.10
91 silly idealTree ├── mime-db@1.40.0
91 silly idealTree ├── mime-types@2.1.24
91 silly idealTree ├── mime@1.6.0
91 silly idealTree ├── minimist@0.0.10
91 silly idealTree ├─┬ mixin-deep@1.3.2
91 silly idealTree │ └── is-extendable@1.0.1
91 silly idealTree ├─┬ mkdirp@0.5.1
91 silly idealTree │ └── minimist@0.0.8
91 silly idealTree ├── ms@2.0.0
91 silly idealTree ├── nanomatch@1.2.13
91 silly idealTree ├── negotiator@0.6.2
91 silly idealTree ├── neo-async@2.6.1
91 silly idealTree ├── nopt@4.0.1
91 silly idealTree ├── oauth-sign@0.9.0
91 silly idealTree ├─┬ object-copy@0.1.0
91 silly idealTree │ ├── define-property@0.2.5
91 silly idealTree │ └── kind-of@3.2.2
91 silly idealTree ├── object-visit@1.0.1
91 silly idealTree ├── object.pick@1.3.0
91 silly idealTree ├── ofn@1.0.0
91 silly idealTree ├── on-finished@2.3.0
91 silly idealTree ├── optimist@0.6.1
91 silly idealTree ├── os-homedir@1.0.2
91 silly idealTree ├── os-tmpdir@1.0.2
91 silly idealTree ├── osenv@0.1.5
91 silly idealTree ├── parseurl@1.3.3
91 silly idealTree ├── pascalcase@0.1.1
91 silly idealTree ├── path-to-regexp@0.1.7
91 silly idealTree ├── performance-now@2.1.0
91 silly idealTree ├── plainify@1.0.0
91 silly idealTree ├── posix-character-classes@0.1.1
91 silly idealTree ├── process-nextick-args@2.0.1
91 silly idealTree ├── proto-list@1.2.4
91 silly idealTree ├── proxy-addr@2.0.5
91 silly idealTree ├── pseudomap@1.0.2
91 silly idealTree ├── psl@1.7.0
91 silly idealTree ├── punycode@2.1.1
91 silly idealTree ├── qs@6.5.2
91 silly idealTree ├── range-parser@1.2.1
91 silly idealTree ├── raw-body@2.4.0
91 silly idealTree ├── readable-stream@2.3.7
91 silly idealTree ├── readdirp@2.2.1
91 silly idealTree ├── regex-not@1.0.2
91 silly idealTree ├── remove-prefix@2.0.0
91 silly idealTree ├── repeat-element@1.1.3
91 silly idealTree ├── repeat-string@1.6.1
91 silly idealTree ├── request@2.88.2
91 silly idealTree ├── resolve-url@0.2.1
91 silly idealTree ├── ret@0.1.15
91 silly idealTree ├── safe-buffer@5.1.2
91 silly idealTree ├── safe-regex@1.1.0
91 silly idealTree ├── safer-buffer@2.1.2
91 silly idealTree ├── sbo@1.1.0
91 silly idealTree ├── semver@5.7.1
91 silly idealTree ├─┬ send@0.17.1
91 silly idealTree │ └── ms@2.1.1
91 silly idealTree ├── serve-static@1.14.1
91 silly idealTree ├─┬ set-value@2.0.1
91 silly idealTree │ └── extend-shallow@2.0.1
91 silly idealTree ├── setprototypeof@1.1.1
91 silly idealTree ├── sigmund@1.0.1
91 silly idealTree ├─┬ snapdragon-node@2.1.1
91 silly idealTree │ ├── define-property@1.0.0
91 silly idealTree │ ├── is-accessor-descriptor@1.0.0
91 silly idealTree │ ├── is-data-descriptor@1.0.0
91 silly idealTree │ └── is-descriptor@1.0.2
91 silly idealTree ├─┬ snapdragon-util@3.0.1
91 silly idealTree │ └── kind-of@3.2.2
91 silly idealTree ├─┬ snapdragon@0.8.2
91 silly idealTree │ ├── define-property@0.2.5
91 silly idealTree │ ├── extend-shallow@2.0.1
91 silly idealTree │ └── source-map@0.5.7
91 silly idealTree ├── sorp@1.0.0
91 silly idealTree ├── source-map-resolve@0.5.3
91 silly idealTree ├── source-map-url@0.4.0
91 silly idealTree ├── source-map@0.6.1
91 silly idealTree ├── split-string@3.1.0
91 silly idealTree ├── sshpk@1.16.1
91 silly idealTree ├─┬ static-extend@0.1.2
91 silly idealTree │ └── define-property@0.2.5
91 silly idealTree ├── statuses@1.5.0
91 silly idealTree ├── string_decoder@1.1.1
91 silly idealTree ├─┬ to-object-path@0.3.0
91 silly idealTree │ └── kind-of@3.2.2
91 silly idealTree ├── to-regex-range@2.1.1
91 silly idealTree ├── to-regex@3.0.2
91 silly idealTree ├── toidentifier@1.0.0
91 silly idealTree ├── tough-cookie@2.5.0
91 silly idealTree ├── tunnel-agent@0.6.0
91 silly idealTree ├── tweetnacl@0.14.5
91 silly idealTree ├── type-is@1.6.18
91 silly idealTree ├── uglify-js@3.8.0
91 silly idealTree ├── union-value@1.0.1
91 silly idealTree ├── unpipe@1.0.0
91 silly idealTree ├─┬ unset-value@1.0.0
91 silly idealTree │ ├─┬ has-value@0.3.1
91 silly idealTree │ │ └── isobject@2.1.0
91 silly idealTree │ └── has-values@0.1.4
91 silly idealTree ├── uri-js@4.2.2
91 silly idealTree ├── urix@0.1.0
91 silly idealTree ├── use@3.1.1
91 silly idealTree ├── util-deprecate@1.0.2
91 silly idealTree ├── utils-merge@1.0.1
91 silly idealTree ├── uuid@3.4.0
91 silly idealTree ├── vary@1.1.2
91 silly idealTree ├── verror@1.10.0
91 silly idealTree ├── walk@2.3.14
91 silly idealTree ├── wfn@1.0.0
91 silly idealTree ├── wordwrap@0.0.3
91 silly idealTree └── yallist@2.1.2
92 silly generateActionsToTake Starting
93 silly install generateActionsToTake
94 silly generateActionsToTake Finishing
95 silly diffTrees action count 6
96 silly diffTrees add qs@6.7.0
97 silly diffTrees add express@4.17.1
98 silly diffTrees update express-hbs@2.3.0
99 silly diffTrees update hbs@4.1.0
100 silly diffTrees update remove-prefix@2.0.0
101 silly diffTrees update request@2.88.2
102 silly decomposeActions action count 48
103 silly decomposeActions fetch qs@6.7.0
104 silly decomposeActions extract qs@6.7.0
105 silly decomposeActions test qs@6.7.0
106 silly decomposeActions preinstall qs@6.7.0
107 silly decomposeActions build qs@6.7.0
108 silly decomposeActions install qs@6.7.0
109 silly decomposeActions postinstall qs@6.7.0
110 silly decomposeActions finalize qs@6.7.0
111 silly decomposeActions fetch express@4.17.1
112 silly decomposeActions extract express@4.17.1
113 silly decomposeActions test express@4.17.1
114 silly decomposeActions preinstall express@4.17.1
115 silly decomposeActions build express@4.17.1
116 silly decomposeActions install express@4.17.1
117 silly decomposeActions postinstall express@4.17.1
118 silly decomposeActions finalize express@4.17.1
119 silly decomposeActions fetch express-hbs@2.3.0
120 silly decomposeActions extract express-hbs@2.3.0
121 silly decomposeActions test express-hbs@2.3.0
122 silly decomposeActions preinstall express-hbs@2.3.0
123 silly decomposeActions build express-hbs@2.3.0
124 silly decomposeActions install express-hbs@2.3.0
125 silly decomposeActions postinstall express-hbs@2.3.0
126 silly decomposeActions finalize express-hbs@2.3.0
127 silly decomposeActions fetch hbs@4.1.0
128 silly decomposeActions extract hbs@4.1.0
129 silly decomposeActions test hbs@4.1.0
130 silly decomposeActions preinstall hbs@4.1.0
131 silly decomposeActions build hbs@4.1.0
132 silly decomposeActions install hbs@4.1.0
133 silly decomposeActions postinstall hbs@4.1.0
134 silly decomposeActions finalize hbs@4.1.0
135 silly decomposeActions fetch remove-prefix@2.0.0
136 silly decomposeActions extract remove-prefix@2.0.0
137 silly decomposeActions test remove-prefix@2.0.0
138 silly decomposeActions preinstall remove-prefix@2.0.0
139 silly decomposeActions build remove-prefix@2.0.0
140 silly decomposeActions install remove-prefix@2.0.0
141 silly decomposeActions postinstall remove-prefix@2.0.0
142 silly decomposeActions finalize remove-prefix@2.0.0
143 silly decomposeActions fetch request@2.88.2
144 silly decomposeActions extract request@2.88.2
145 silly decomposeActions test request@2.88.2
146 silly decomposeActions preinstall request@2.88.2
147 silly decomposeActions build request@2.88.2
148 silly decomposeActions install request@2.88.2
149 silly decomposeActions postinstall request@2.88.2
150 silly decomposeActions finalize request@2.88.2
151 silly executeActions Starting
152 silly install executeActions
153 silly doSerial global-install 0
154 silly doParallel fetch 6
155 verbose lock using /home/st/.npm/_locks/staging-d7ddf616dc6131b3.lock for /home/st/Desktop/Node/web-server/node_modules/.staging
156 silly doParallel extract 6
157 silly extract qs@6.7.0
158 silly extract express@4.17.1
159 silly extract express-hbs@2.3.0
160 silly extract hbs@4.1.0
161 silly extract remove-prefix@2.0.0
162 silly extract request@2.88.2
163 verbose unbuild node_modules/.staging/qs-18d2b83f
164 verbose unbuild node_modules/.staging/express-d917c529
165 verbose unbuild node_modules/.staging/express-hbs-c29bb06b
166 verbose unbuild node_modules/.staging/hbs-9d7b9034
167 verbose unbuild node_modules/.staging/remove-prefix-d296e9e7
168 warn deprecated request@2.88.2: request has been deprecated, see https://github.com/request/request/issues/3142
169 verbose unbuild node_modules/.staging/request-0ec3871b
170 silly gentlyRm /home/st/Desktop/Node/web-server/node_modules/.staging/qs-18d2b83f is being purged from base /home/st/Desktop/Node/web-server
171 verbose gentlyRm don't care about contents; nuking /home/st/Desktop/Node/web-server/node_modules/.staging/qs-18d2b83f
172 silly gentlyRm /home/st/Desktop/Node/web-server/node_modules/.staging/express-d917c529 is being purged from base /home/st/Desktop/Node/web-server
173 verbose gentlyRm don't care about contents; nuking /home/st/Desktop/Node/web-server/node_modules/.staging/express-d917c529
174 silly gentlyRm /home/st/Desktop/Node/web-server/node_modules/.staging/express-hbs-c29bb06b is being purged from base /home/st/Desktop/Node/web-server
175 verbose gentlyRm don't care about contents; nuking /home/st/Desktop/Node/web-server/node_modules/.staging/express-hbs-c29bb06b
176 silly gentlyRm /home/st/Desktop/Node/web-server/node_modules/.staging/hbs-9d7b9034 is being purged from base /home/st/Desktop/Node/web-server
177 verbose gentlyRm don't care about contents; nuking /home/st/Desktop/Node/web-server/node_modules/.staging/hbs-9d7b9034
178 silly gentlyRm /home/st/Desktop/Node/web-server/node_modules/.staging/remove-prefix-d296e9e7 is being purged from base /home/st/Desktop/Node/web-server
179 verbose gentlyRm don't care about contents; nuking /home/st/Desktop/Node/web-server/node_modules/.staging/remove-prefix-d296e9e7
180 silly gentlyRm /home/st/Desktop/Node/web-server/node_modules/.staging/request-0ec3871b is being purged from base /home/st/Desktop/Node/web-server
181 verbose gentlyRm don't care about contents; nuking /home/st/Desktop/Node/web-server/node_modules/.staging/request-0ec3871b
182 verbose tar unpack /home/st/.npm/qs/6.7.0/package.tgz
183 verbose tar unpacking to /home/st/Desktop/Node/web-server/node_modules/.staging/qs-18d2b83f
184 silly gentlyRm /home/st/Desktop/Node/web-server/node_modules/.staging/qs-18d2b83f is being purged
185 verbose gentlyRm don't care about contents; nuking /home/st/Desktop/Node/web-server/node_modules/.staging/qs-18d2b83f
186 verbose tar unpack /home/st/.npm/express/4.17.1/package.tgz
187 verbose tar unpacking to /home/st/Desktop/Node/web-server/node_modules/.staging/express-d917c529
188 silly gentlyRm /home/st/Desktop/Node/web-server/node_modules/.staging/express-d917c529 is being purged
189 verbose gentlyRm don't care about contents; nuking /home/st/Desktop/Node/web-server/node_modules/.staging/express-d917c529
190 verbose tar unpack /home/st/.npm/express-hbs/2.3.0/package.tgz
191 verbose tar unpacking to /home/st/Desktop/Node/web-server/node_modules/.staging/express-hbs-c29bb06b
192 silly gentlyRm /home/st/Desktop/Node/web-server/node_modules/.staging/express-hbs-c29bb06b is being purged
193 verbose gentlyRm don't care about contents; nuking /home/st/Desktop/Node/web-server/node_modules/.staging/express-hbs-c29bb06b
194 verbose tar unpack /home/st/.npm/hbs/4.1.0/package.tgz
195 verbose tar unpacking to /home/st/Desktop/Node/web-server/node_modules/.staging/hbs-9d7b9034
196 silly gentlyRm /home/st/Desktop/Node/web-server/node_modules/.staging/hbs-9d7b9034 is being purged
197 verbose gentlyRm don't care about contents; nuking /home/st/Desktop/Node/web-server/node_modules/.staging/hbs-9d7b9034
198 verbose tar unpack /home/st/.npm/remove-prefix/2.0.0/package.tgz
199 verbose tar unpacking to /home/st/Desktop/Node/web-server/node_modules/.staging/remove-prefix-d296e9e7
200 silly gentlyRm /home/st/Desktop/Node/web-server/node_modules/.staging/remove-prefix-d296e9e7 is being purged
201 verbose gentlyRm don't care about contents; nuking /home/st/Desktop/Node/web-server/node_modules/.staging/remove-prefix-d296e9e7
202 verbose tar unpack /home/st/.npm/request/2.88.2/package.tgz
203 verbose tar unpacking to /home/st/Desktop/Node/web-server/node_modules/.staging/request-0ec3871b
204 silly gentlyRm /home/st/Desktop/Node/web-server/node_modules/.staging/request-0ec3871b is being purged
205 verbose gentlyRm don't care about contents; nuking /home/st/Desktop/Node/web-server/node_modules/.staging/request-0ec3871b
206 silly gunzTarPerm modes [ '755', '644' ]
207 silly gunzTarPerm modes [ '755', '644' ]
208 silly gunzTarPerm modes [ '755', '644' ]
209 silly gunzTarPerm modes [ '755', '644' ]
210 silly gunzTarPerm modes [ '755', '644' ]
211 silly gunzTarPerm modes [ '755', '644' ]
212 silly gunzTarPerm extractEntry package.json
213 silly gunzTarPerm extractEntry package.json
214 silly gunzTarPerm extractEntry
215 silly gunzTarPerm extractEntry LICENSE
216 silly gunzTarPerm extractEntry package.json
217 silly gunzTarPerm modified mode [ 'package.json', 436, 420 ]
218 silly gunzTarPerm extractEntry LICENSE
219 silly gunzTarPerm extractEntry .editorconfig
220 silly gunzTarPerm extractEntry .eslintignore
221 silly gunzTarPerm extractEntry History.md
222 silly gunzTarPerm extractEntry lib/async.js
223 silly gunzTarPerm extractEntry lib/hbs.js
224 silly gunzTarPerm extractEntry index.js
225 silly gunzTarPerm modified mode [ 'index.js', 436, 420 ]
226 silly gunzTarPerm extractEntry license.txt
227 silly gunzTarPerm modified mode [ 'license.txt', 436, 420 ]
228 silly gunzTarPerm extractEntry lib/auth.js
229 silly gunzTarPerm extractEntry lib/cookies.js
230 silly gunzTarPerm extractEntry index.js
231 silly gunzTarPerm extractEntry .editorconfig
232 silly gunzTarPerm extractEntry .eslintrc
233 silly gunzTarPerm extractEntry .jsbeautifyrc
234 silly gunzTarPerm extractEntry .travis.yml
235 silly gunzTarPerm extractEntry LICENSE
236 silly gunzTarPerm extractEntry package.json
237 silly gunzTarPerm extractEntry HISTORY.md
238 silly gunzTarPerm extractEntry lib/getProxyFromURI.js
239 silly gunzTarPerm extractEntry .eslintrc
240 silly gunzTarPerm extractEntry CHANGELOG.md
241 silly gunzTarPerm extractEntry LICENSE
242 silly gunzTarPerm extractEntry Readme.md
243 silly gunzTarPerm extractEntry lib/application.js
244 silly gunzTarPerm extractEntry readme.md
245 silly gunzTarPerm modified mode [ 'readme.md', 436, 420 ]
246 silly gunzTarPerm extractEntry test.js
247 silly gunzTarPerm modified mode [ 'test.js', 436, 420 ]
248 silly gunzTarPerm extractEntry lib/express.js
249 silly gunzTarPerm extractEntry lib/middleware/init.js
250 silly gunzTarPerm extractEntry README.md
251 silly gunzTarPerm extractEntry example
252 silly gunzTarPerm extractEntry lib/middleware/query.js
253 silly gunzTarPerm extractEntry LICENSE
254 silly gunzTarPerm extractEntry lib/request.js
255 silly gunzTarPerm extractEntry README.md
256 silly gunzTarPerm extractEntry lib/har.js
257 silly gunzTarPerm extractEntry lib/hawk.js
258 silly gunzTarPerm extractEntry lib/response.js
259 silly gunzTarPerm extractEntry gruntfile.js
260 silly gunzTarPerm extractEntry index.js
261 silly gunzTarPerm extractEntry lib
262 silly gunzTarPerm extractEntry package-lock.json
263 silly gunzTarPerm extractEntry package.json
264 silly gunzTarPerm extractEntry test
265 silly gunzTarPerm extractEntry example/app-layoutsDir.js
266 silly gunzTarPerm extractEntry example/app.js
267 silly gunzTarPerm extractEntry example/public
268 silly gunzTarPerm extractEntry example/views
269 silly gunzTarPerm extractEntry lib/generate-id.js
270 silly gunzTarPerm extractEntry lib/hbs.js
271 silly gunzTarPerm extractEntry lib/resolver.js
272 silly gunzTarPerm extractEntry test/apps
273 silly gunzTarPerm extractEntry test/asyncSpecs.js
274 silly gunzTarPerm extractEntry test/cacheSpecs.js
275 silly gunzTarPerm extractEntry test/customExtension.js
276 silly gunzTarPerm extractEntry test/handlebarsSpecs.js
277 silly gunzTarPerm extractEntry test/helperSpecs.js
278 silly gunzTarPerm extractEntry test/helpers.js
279 silly gunzTarPerm extractEntry test/i18nSpecs.js
280 silly gunzTarPerm extractEntry test/issues
281 silly gunzTarPerm extractEntry test/issues.js
282 silly gunzTarPerm extractEntry test/layoutSpecs.js
283 silly gunzTarPerm extractEntry test/localTemplateOptions
284 silly gunzTarPerm extractEntry test/localTemplateOptions.js
285 silly gunzTarPerm extractEntry test/multiple.js
286 silly gunzTarPerm extractEntry test/nonExpress.js
287 silly gunzTarPerm extractEntry test/optionsSpecs.js
288 silly gunzTarPerm extractEntry test/views
289 silly gunzTarPerm extractEntry example/public/css
290 silly gunzTarPerm extractEntry example/views/fruits
291 silly gunzTarPerm extractEntry example/views/index.hbs
292 silly gunzTarPerm extractEntry example/views/layout
293 silly gunzTarPerm extractEntry example/views/partials
294 silly gunzTarPerm extractEntry example/views/partials-other
295 silly gunzTarPerm extractEntry example/views/replace.hbs
296 silly gunzTarPerm extractEntry example/views/tos.txt
297 silly gunzTarPerm extractEntry example/views/veggies
298 silly gunzTarPerm extractEntry example/views/veggies.hbs
299 silly gunzTarPerm extractEntry test/apps/async
300 silly gunzTarPerm extractEntry test/apps/i18n
301 silly gunzTarPerm extractEntry test/issues/144
302 silly gunzTarPerm extractEntry test/issues/153
303 silly gunzTarPerm extractEntry test/issues/21
304 silly gunzTarPerm extractEntry test/issues/22
305 silly gunzTarPerm extractEntry test/issues/23
306 silly gunzTarPerm extractEntry test/issues/49
307 silly gunzTarPerm extractEntry test/issues/53
308 silly gunzTarPerm extractEntry test/issues/59
309 silly gunzTarPerm extractEntry test/issues/62
310 silly gunzTarPerm extractEntry test/issues/73
311 silly gunzTarPerm extractEntry test/issues/76
312 silly gunzTarPerm extractEntry test/issues/84
313 silly gunzTarPerm extractEntry test/localTemplateOptions/data-access-template.hbs
314 silly gunzTarPerm extractEntry test/localTemplateOptions/template.hbs
315 silly gunzTarPerm extractEntry test/views/beautify
316 silly gunzTarPerm extractEntry test/views/customExtension
317 silly gunzTarPerm extractEntry test/views/disableLayoutDirective
318 silly gunzTarPerm extractEntry test/views/helpers
319 silly gunzTarPerm extractEntry test/views/multiple
320 silly gunzTarPerm extractEntry test/views/viewsDir
321 silly gunzTarPerm extractEntry example/public/css/style.css
322 silly gunzTarPerm extractEntry example/views/fruits/details-layoutsDir.hbs
323 silly gunzTarPerm extractEntry example/views/fruits/details.hbs
324 silly gunzTarPerm extractEntry example/views/fruits/index-layoutsDir.hbs
325 silly gunzTarPerm extractEntry example/views/fruits/index.hbs
326 silly gunzTarPerm extractEntry example/views/layout/default.hbs
327 silly gunzTarPerm extractEntry example/views/layout/fruit-details.hbs
328 silly gunzTarPerm extractEntry example/views/layout/fruits.hbs
329 silly gunzTarPerm extractEntry example/views/layout/html-struct.hbs
330 silly gunzTarPerm extractEntry example/views/layout/veggie-details.hbs
331 silly gunzTarPerm extractEntry example/views/layout/veggie.hbs
332 silly gunzTarPerm extractEntry example/views/partials/scripts.hbs
333 silly gunzTarPerm extractEntry example/views/partials/sub
334 silly gunzTarPerm extractEntry example/views/partials-other/other.hbs
335 silly gunzTarPerm extractEntry example/views/veggies/details.hbs
336 silly gunzTarPerm extractEntry test/apps/async/index.js
337 silly gunzTarPerm extractEntry test/apps/async/views
338 silly gunzTarPerm extractEntry test/apps/i18n/index.js
339 silly gunzTarPerm extractEntry test/apps/i18n/locales
340 silly gunzTarPerm extractEntry test/apps/i18n/views
341 silly gunzTarPerm extractEntry test/issues/144/index.hbs
342 silly gunzTarPerm extractEntry test/issues/153/index.hbs
343 silly gunzTarPerm extractEntry test/issues/21/views
344 silly gunzTarPerm extractEntry test/issues/22/layout1.hbs
345 silly gunzTarPerm extractEntry test/issues/22/layout2.hbs
346 silly gunzTarPerm extractEntry test/issues/22/template.hbs
347 silly gunzTarPerm extractEntry test/issues/23/empty.hbs
348 silly gunzTarPerm extractEntry test/issues/23/emptyComment.hbs
349 silly gunzTarPerm extractEntry test/issues/23/emptyPartial.hbs
350 silly gunzTarPerm extractEntry test/issues/23/index.hbs
351 silly gunzTarPerm extractEntry test/issues/23/layout.hbs
352 silly gunzTarPerm extractEntry test/issues/23/partials
353 silly gunzTarPerm extractEntry test/issues/49/error.hbs
354 silly gunzTarPerm extractEntry test/issues/49/front
355 silly gunzTarPerm extractEntry test/issues/49/index.hbs
356 silly gunzTarPerm extractEntry test/issues/49/layouts
357 silly gunzTarPerm extractEntry test/issues/49/partial.hbs
358 silly gunzTarPerm extractEntry test/issues/49/partials
359 silly gunzTarPerm extractEntry test/issues/53/default.hbs
360 silly gunzTarPerm extractEntry test/issues/53/index.hbs
361 silly gunzTarPerm extractEntry test/issues/53/partials
362 silly gunzTarPerm extractEntry test/issues/59/index.hbs
363 silly gunzTarPerm extractEntry test/issues/62/basic.hbs
364 silly gunzTarPerm extractEntry test/issues/62/block.hbs
365 silly gunzTarPerm extractEntry test/issues/73/index.hbs
366 silly gunzTarPerm extractEntry test/issues/73/partials
367 silly gunzTarPerm extractEntry test/issues/76/mypartial.hbs
368 silly gunzTarPerm extractEntry test/issues/84/index.hbs
369 silly gunzTarPerm extractEntry test/issues/84/partials
370 silly gunzTarPerm extractEntry test/views/beautify/expected.hbs
371 silly gunzTarPerm extractEntry test/views/beautify/index.hbs
372 silly gunzTarPerm extractEntry test/views/customExtension/layout.server.view.html
373 silly gunzTarPerm extractEntry test/views/customExtension/partialsDir
374 silly gunzTarPerm extractEntry test/views/customExtension/template.server.view.html
375 silly gunzTarPerm extractEntry test/views/disableLayoutDirective/aside.hbs
376 silly gunzTarPerm extractEntry test/views/disableLayoutDirective/index.hbs
377 silly gunzTarPerm extractEntry test/views/disableLayoutDirective/layouts
378 silly gunzTarPerm extractEntry test/views/helpers/home
379 silly gunzTarPerm extractEntry test/views/helpers/layouts
380 silly gunzTarPerm extractEntry test/views/multiple/views1
381 silly gunzTarPerm extractEntry test/views/multiple/views2
382 silly gunzTarPerm extractEntry test/views/viewsDir/layouts
383 silly gunzTarPerm extractEntry test/views/viewsDir/sub
384 silly gunzTarPerm extractEntry example/views/partials/sub/comment.hbs
385 silly gunzTarPerm extractEntry test/apps/async/views/failer.hbs
386 silly gunzTarPerm extractEntry test/apps/async/views/index.hbs
387 silly gunzTarPerm extractEntry test/apps/async/views/layout.hbs
388 silly gunzTarPerm extractEntry test/apps/i18n/locales/en.json
389 silly gunzTarPerm extractEntry test/apps/i18n/locales/fr.json
390 silly gunzTarPerm extractEntry test/apps/i18n/views/index.hbs
391 silly gunzTarPerm extractEntry test/issues/21/views/index.hbs
392 silly gunzTarPerm extractEntry test/issues/21/views/layouts
393 silly gunzTarPerm extractEntry test/issues/21/views/sub
394 silly gunzTarPerm extractEntry test/issues/21/views/useLayoutInDir.hbs
395 silly gunzTarPerm extractEntry test/issues/23/partials/custom
396 silly gunzTarPerm extractEntry test/issues/23/partials/hello.hbs
397 silly gunzTarPerm extractEntry test/issues/49/front/error.hbs
398 silly gunzTarPerm extractEntry test/issues/49/layouts/default.hbs
399 silly gunzTarPerm extractEntry test/issues/49/partials/partial-error.hbs
400 silly gunzTarPerm extractEntry test/issues/53/partials/.gitkeep
401 silly gunzTarPerm extractEntry test/issues/73/partials/partial.hbs
402 silly gunzTarPerm extractEntry test/issues/84/partials/abc
403 silly gunzTarPerm extractEntry test/views/customExtension/partialsDir/partial1.server.view.html
404 silly gunzTarPerm extractEntry test/views/customExtension/partialsDir/partial2.server.view.html
405 silly gunzTarPerm extractEntry test/views/customExtension/partialsDir/subs
406 silly gunzTarPerm extractEntry test/views/disableLayoutDirective/layouts/default.hbs
407 silly gunzTarPerm extractEntry test/views/helpers/home/async.hbs
408 silly gunzTarPerm extractEntry test/views/helpers/home/index.hbs
409 silly gunzTarPerm extractEntry test/views/helpers/layouts/default.hbs
410 silly gunzTarPerm extractEntry test/views/multiple/views1/collide.hbs
411 silly gunzTarPerm extractEntry test/views/multiple/views1/error.hbs
412 silly gunzTarPerm extractEntry test/views/multiple/views1/test1.hbs
413 silly gunzTarPerm extractEntry test/views/multiple/views2/collide.hbs
414 silly gunzTarPerm extractEntry test/views/multiple/views2/error.hbs
415 silly gunzTarPerm extractEntry test/views/multiple/views2/test2.hbs
416 silly gunzTarPerm extractEntry test/views/viewsDir/layouts/default.hbs
417 silly gunzTarPerm extractEntry test/views/viewsDir/sub/directive.hbs
418 silly gunzTarPerm extractEntry test/views/viewsDir/sub/lay.hbs
419 silly gunzTarPerm extractEntry test/issues/21/views/layouts/default.hbs
420 silly gunzTarPerm extractEntry test/issues/21/views/layouts/sub
421 silly gunzTarPerm extractEntry test/issues/21/views/sub/relativeLayout.hbs
422 silly gunzTarPerm extractEntry test/issues/21/views/sub/sub.hbs
423 silly gunzTarPerm extractEntry test/issues/23/partials/custom/comment-only.hbs
424 silly gunzTarPerm extractEntry test/issues/23/partials/custom/empty.hbs
425 silly gunzTarPerm extractEntry test/issues/84/partials/abc/def
426 silly gunzTarPerm extractEntry test/views/customExtension/partialsDir/subs/subPartial1.server.view.html
427 silly gunzTarPerm extractEntry test/views/customExtension/partialsDir/subs/subPartial2.server.view.html
428 silly gunzTarPerm extractEntry test/issues/21/views/layouts/sub/child.hbs
429 silly gunzTarPerm extractEntry test/issues/84/partials/abc/def/ghi
430 silly gunzTarPerm extractEntry test/issues/84/partials/abc/def/ghi/test.hbs
431 silly gunzTarPerm extractEntry README.md
432 silly gunzTarPerm extractEntry dist/qs.js
433 silly gunzTarPerm extractEntry lib/helpers.js
434 silly gunzTarPerm extractEntry index.js
435 silly gunzTarPerm extractEntry lib/router/index.js
436 silly gunzTarPerm extractEntry lib/router/layer.js
437 silly gunzTarPerm extractEntry lib/formats.js
438 silly gunzTarPerm extractEntry lib/index.js
439 silly gunzTarPerm extractEntry lib/multipart.js
440 silly gunzTarPerm extractEntry lib/oauth.js
441 silly gunzTarPerm extractEntry lib/router/route.js
442 silly gunzTarPerm extractEntry lib/utils.js
443 silly gunzTarPerm extractEntry lib/parse.js
444 silly gunzTarPerm extractEntry lib/stringify.js
445 silly gunzTarPerm extractEntry lib/querystring.js
446 silly gunzTarPerm extractEntry lib/redirect.js
447 silly gunzTarPerm extractEntry lib/view.js
448 silly gunzTarPerm extractEntry lib/utils.js
449 silly gunzTarPerm extractEntry test/.eslintrc
450 silly gunzTarPerm extractEntry test/index.js
451 silly gunzTarPerm extractEntry test/parse.js
452 silly gunzTarPerm extractEntry request.js
453 silly gunzTarPerm extractEntry lib/tunnel.js
454 silly gentlyRm /home/st/Desktop/Node/web-server/node_modules/.staging/remove-prefix-d296e9e7/node_modules is being purged
455 verbose gentlyRm don't care about contents; nuking /home/st/Desktop/Node/web-server/node_modules/.staging/remove-prefix-d296e9e7/node_modules
456 silly gunzTarPerm extractEntry test/stringify.js
457 silly gunzTarPerm extractEntry test/utils.js
458 silly gunzTarPerm extractEntry package.json
459 silly gunzTarPerm extractEntry CHANGELOG.md
460 silly gentlyRm /home/st/Desktop/Node/web-server/node_modules/.staging/hbs-9d7b9034/node_modules is being purged
461 verbose gentlyRm don't care about contents; nuking /home/st/Desktop/Node/web-server/node_modules/.staging/hbs-9d7b9034/node_modules
462 silly gunzTarPerm extractEntry README.md
463 silly gentlyRm /home/st/Desktop/Node/web-server/node_modules/.staging/express-d917c529/node_modules is being purged
464 verbose gentlyRm don't care about contents; nuking /home/st/Desktop/Node/web-server/node_modules/.staging/express-d917c529/node_modules
465 silly gentlyRm /home/st/Desktop/Node/web-server/node_modules/.staging/qs-18d2b83f/node_modules is being purged
466 verbose gentlyRm don't care about contents; nuking /home/st/Desktop/Node/web-server/node_modules/.staging/qs-18d2b83f/node_modules
467 silly gentlyRm /home/st/Desktop/Node/web-server/node_modules/.staging/request-0ec3871b/node_modules is being purged
468 verbose gentlyRm don't care about contents; nuking /home/st/Desktop/Node/web-server/node_modules/.staging/request-0ec3871b/node_modules
469 silly gentlyRm /home/st/Desktop/Node/web-server/node_modules/.staging/express-hbs-c29bb06b/node_modules is being purged
470 verbose gentlyRm don't care about contents; nuking /home/st/Desktop/Node/web-server/node_modules/.staging/express-hbs-c29bb06b/node_modules
471 silly doParallel preinstall 6
472 silly preinstall qs@6.7.0 /home/st/Desktop/Node/web-server/node_modules/.staging/qs-18d2b83f
473 info lifecycle qs@6.7.0~preinstall: qs@6.7.0
474 silly preinstall express@4.17.1 /home/st/Desktop/Node/web-server/node_modules/.staging/express-d917c529
475 info lifecycle express@4.17.1~preinstall: express@4.17.1
476 silly preinstall express-hbs@2.3.0 /home/st/Desktop/Node/web-server/node_modules/.staging/express-hbs-c29bb06b
477 info lifecycle express-hbs@2.3.0~preinstall: express-hbs@2.3.0
478 silly preinstall hbs@4.1.0 /home/st/Desktop/Node/web-server/node_modules/.staging/hbs-9d7b9034
479 info lifecycle hbs@4.1.0~preinstall: hbs@4.1.0
480 silly preinstall remove-prefix@2.0.0 /home/st/Desktop/Node/web-server/node_modules/.staging/remove-prefix-d296e9e7
481 info lifecycle remove-prefix@2.0.0~preinstall: remove-prefix@2.0.0
482 silly preinstall request@2.88.2 /home/st/Desktop/Node/web-server/node_modules/.staging/request-0ec3871b
483 info lifecycle request@2.88.2~preinstall: request@2.88.2
484 silly lifecycle qs@6.7.0~preinstall: no script for preinstall, continuing
485 silly lifecycle express@4.17.1~preinstall: no script for preinstall, continuing
486 silly lifecycle express-hbs@2.3.0~preinstall: no script for preinstall, continuing
487 silly lifecycle hbs@4.1.0~preinstall: no script for preinstall, continuing
488 silly lifecycle remove-prefix@2.0.0~preinstall: no script for preinstall, continuing
489 silly lifecycle request@2.88.2~preinstall: no script for preinstall, continuing
490 silly doReverseSerial remove 0
491 silly doSerial move 0
492 silly doSerial finalize 6
493 silly finalize /home/st/Desktop/Node/web-server/node_modules/express/node_modules/qs
494 silly finalize /home/st/Desktop/Node/web-server/node_modules/express
495 verbose unlock done using /home/st/.npm/_locks/staging-d7ddf616dc6131b3.lock for /home/st/Desktop/Node/web-server/node_modules/.staging
496 silly rollbackFailedOptional Starting
497 silly rollbackFailedOptional Finishing
498 silly runTopLevelLifecycles Starting
499 silly runTopLevelLifecycles Finishing
500 silly install printInstalled
501 warn web-server@1.0.0 No description
502 warn web-server@1.0.0 No repository field.
503 verbose stack Error: ENOTEMPTY: directory not empty, rename '/home/st/Desktop/Node/web-server/node_modules/express' -> '/home/st/Desktop/Node/web-server/node_modules/.express.DELETE'
503 verbose stack     at moveAway (/usr/share/npm/lib/install/action/finalize.js:38:5)
503 verbose stack     at destStatted (/usr/share/npm/lib/install/action/finalize.js:27:7)
503 verbose stack     at FSReqWrap.oncomplete (fs.js:153:5)
503 verbose stack
503 verbose stack Error: ENOTEMPTY: directory not empty, rename '/home/st/Desktop/Node/web-server/node_modules/express' -> '/home/st/Desktop/Node/web-server/node_modules/.express.DELETE'
504 verbose cwd /home/st/Desktop/Node/web-server
505 error Linux 5.5.2
506 error argv "/usr/bin/node" "/usr/bin/npm" "i" "express"
507 error node v8.10.0
508 error npm  v3.5.2
509 error path /home/st/Desktop/Node/web-server/node_modules/express
510 error code ENOTEMPTY
511 error errno -39
512 error syscall rename
513 error ENOTEMPTY: directory not empty, rename '/home/st/Desktop/Node/web-server/node_modules/express' -> '/home/st/Desktop/Node/web-server/node_modules/.express.DELETE'
514 error If you need help, you may report this error at:
514 error     <https://github.com/npm/npm/issues>
515 verbose exit [ -39, true ]
